/home/mitch/drone_urdf/install/drone_urdf/lib/python3.8/site-packages/drone_urdf/__init__.py
/home/mitch/drone_urdf/install/drone_urdf/lib/python3.8/site-packages/drone_urdf/__pycache__/__init__.cpython-38.pyc
/home/mitch/drone_urdf/install/drone_urdf/share/ament_index/resource_index/packages/drone_urdf
/home/mitch/drone_urdf/install/drone_urdf/share/drone_urdf/package.xml
/home/mitch/drone_urdf/install/drone_urdf/share/drone_urdf/launch.py
/home/mitch/drone_urdf/install/drone_urdf/share/drone_urdf/urdf/holybro_drone.urdf
/home/mitch/drone_urdf/install/drone_urdf/share/drone_urdf/rviz/
/home/mitch/drone_urdf/install/drone_urdf/share/drone_urdf/meshes/collision/drone_body_link.STL
/home/mitch/drone_urdf/install/drone_urdf/share/drone_urdf/meshes/collision/controller_link.STL
/home/mitch/drone_urdf/install/drone_urdf/share/drone_urdf/meshes/collision/webcam_link.STL
/home/mitch/drone_urdf/install/drone_urdf/share/drone_urdf/meshes/visual/drone_body_link.STL
/home/mitch/drone_urdf/install/drone_urdf/share/drone_urdf/meshes/visual/controller_link.STL
/home/mitch/drone_urdf/install/drone_urdf/share/drone_urdf/meshes/visual/webcam_link.STL
/home/mitch/drone_urdf/install/drone_urdf/lib/python3.8/site-packages/drone_urdf-0.0.0-py3.8.egg-info/PKG-INFO
/home/mitch/drone_urdf/install/drone_urdf/lib/python3.8/site-packages/drone_urdf-0.0.0-py3.8.egg-info/dependency_links.txt
/home/mitch/drone_urdf/install/drone_urdf/lib/python3.8/site-packages/drone_urdf-0.0.0-py3.8.egg-info/zip-safe
/home/mitch/drone_urdf/install/drone_urdf/lib/python3.8/site-packages/drone_urdf-0.0.0-py3.8.egg-info/entry_points.txt
/home/mitch/drone_urdf/install/drone_urdf/lib/python3.8/site-packages/drone_urdf-0.0.0-py3.8.egg-info/requires.txt
/home/mitch/drone_urdf/install/drone_urdf/lib/python3.8/site-packages/drone_urdf-0.0.0-py3.8.egg-info/top_level.txt
/home/mitch/drone_urdf/install/drone_urdf/lib/python3.8/site-packages/drone_urdf-0.0.0-py3.8.egg-info/SOURCES.txt
