running egg_info
creating ../../build/drone_urdf/drone_urdf.egg-info
writing manifest file '../../build/drone_urdf/drone_urdf.egg-info/SOURCES.txt'
writing manifest file '../../build/drone_urdf/drone_urdf.egg-info/SOURCES.txt'
running build
running build_py
creating /home/mitch/drone_urdf/build/drone_urdf/build
creating /home/mitch/drone_urdf/build/drone_urdf/build/lib
creating /home/mitch/drone_urdf/build/drone_urdf/build/lib/drone_urdf
copying drone_urdf/__init__.py -> /home/mitch/drone_urdf/build/drone_urdf/build/lib/drone_urdf
running install
running install_lib
creating /home/mitch/drone_urdf/install/drone_urdf/lib/python3.8/site-packages/drone_urdf
byte-compiling /home/mitch/drone_urdf/install/drone_urdf/lib/python3.8/site-packages/drone_urdf/__init__.py to __init__.cpython-38.pyc
running install_data
creating /home/mitch/drone_urdf/install/drone_urdf/share/ament_index
creating /home/mitch/drone_urdf/install/drone_urdf/share/ament_index/resource_index
creating /home/mitch/drone_urdf/install/drone_urdf/share/ament_index/resource_index/packages
copying resource/drone_urdf -> /home/mitch/drone_urdf/install/drone_urdf/share/ament_index/resource_index/packages
copying package.xml -> /home/mitch/drone_urdf/install/drone_urdf/share/drone_urdf
copying launch/launch.py -> /home/mitch/drone_urdf/install/drone_urdf/share/drone_urdf
creating /home/mitch/drone_urdf/install/drone_urdf/share/drone_urdf/urdf
copying urdf/holybro_drone.urdf -> /home/mitch/drone_urdf/install/drone_urdf/share/drone_urdf/urdf/
creating /home/mitch/drone_urdf/install/drone_urdf/share/drone_urdf/rviz
creating /home/mitch/drone_urdf/install/drone_urdf/share/drone_urdf/meshes
creating /home/mitch/drone_urdf/install/drone_urdf/share/drone_urdf/meshes/collision
copying meshes/collision/drone_body_link.STL -> /home/mitch/drone_urdf/install/drone_urdf/share/drone_urdf/meshes/collision/
copying meshes/collision/controller_link.STL -> /home/mitch/drone_urdf/install/drone_urdf/share/drone_urdf/meshes/collision/
copying meshes/collision/webcam_link.STL -> /home/mitch/drone_urdf/install/drone_urdf/share/drone_urdf/meshes/collision/
creating /home/mitch/drone_urdf/install/drone_urdf/share/drone_urdf/meshes/visual
copying meshes/visual/drone_body_link.STL -> /home/mitch/drone_urdf/install/drone_urdf/share/drone_urdf/meshes/visual/
copying meshes/visual/controller_link.STL -> /home/mitch/drone_urdf/install/drone_urdf/share/drone_urdf/meshes/visual/
copying meshes/visual/webcam_link.STL -> /home/mitch/drone_urdf/install/drone_urdf/share/drone_urdf/meshes/visual/
running install_egg_info
Copying ../../build/drone_urdf/drone_urdf.egg-info to /home/mitch/drone_urdf/install/drone_urdf/lib/python3.8/site-packages/drone_urdf-0.0.0-py3.8.egg-info
running install_scripts
writing list of installed files to '/home/mitch/drone_urdf/build/drone_urdf/install.log'
